{"/Users/zhixian/Desktop/study/full-stack-learn/part5/bloglist-frontend/src/App.js": {"path":"/Users/zhixian/Desktop/study/full-stack-learn/part5/bloglist-frontend/src/App.js","statementMap":{"0":{"start":{"line":11,"column":12},"end":{"line":133,"column":1}},"1":{"start":{"line":13,"column":28},"end":{"line":13,"column":40}},"2":{"start":{"line":14,"column":31},"end":{"line":14,"column":46}},"3":{"start":{"line":15,"column":33},"end":{"line":15,"column":45}},"4":{"start":{"line":16,"column":33},"end":{"line":16,"column":45}},"5":{"start":{"line":17,"column":31},"end":{"line":17,"column":45}},"6":{"start":{"line":18,"column":28},"end":{"line":18,"column":42}},"7":{"start":{"line":19,"column":2},"end":{"line":19,"column":19}},"8":{"start":{"line":20,"column":21},"end":{"line":27,"column":3}},"9":{"start":{"line":21,"column":4},"end":{"line":26,"column":6}},"10":{"start":{"line":22,"column":20},"end":{"line":22,"column":64}},"11":{"start":{"line":22,"column":44},"end":{"line":22,"column":63}},"12":{"start":{"line":23,"column":23},"end":{"line":23,"column":56}},"13":{"start":{"line":24,"column":6},"end":{"line":24,"column":35}},"14":{"start":{"line":25,"column":6},"end":{"line":25,"column":24}},"15":{"start":{"line":29,"column":2},"end":{"line":37,"column":8}},"16":{"start":{"line":30,"column":27},"end":{"line":30,"column":69}},"17":{"start":{"line":31,"column":4},"end":{"line":36,"column":5}},"18":{"start":{"line":32,"column":19},"end":{"line":32,"column":45}},"19":{"start":{"line":33,"column":6},"end":{"line":33,"column":19}},"20":{"start":{"line":34,"column":6},"end":{"line":34,"column":22}},"21":{"start":{"line":35,"column":6},"end":{"line":35,"column":38}},"22":{"start":{"line":39,"column":25},"end":{"line":54,"column":3}},"23":{"start":{"line":40,"column":4},"end":{"line":40,"column":22}},"24":{"start":{"line":41,"column":4},"end":{"line":53,"column":5}},"25":{"start":{"line":42,"column":6},"end":{"line":42,"column":58}},"26":{"start":{"line":44,"column":6},"end":{"line":52,"column":7}},"27":{"start":{"line":45,"column":20},"end":{"line":45,"column":70}},"28":{"start":{"line":46,"column":21},"end":{"line":46,"column":29}},"29":{"start":{"line":47,"column":8},"end":{"line":47,"column":71}},"30":{"start":{"line":48,"column":8},"end":{"line":48,"column":24}},"31":{"start":{"line":49,"column":8},"end":{"line":49,"column":21}},"32":{"start":{"line":51,"column":8},"end":{"line":51,"column":63}},"33":{"start":{"line":56,"column":24},"end":{"line":63,"column":3}},"34":{"start":{"line":57,"column":4},"end":{"line":57,"column":23}},"35":{"start":{"line":58,"column":4},"end":{"line":62,"column":5}},"36":{"start":{"line":59,"column":6},"end":{"line":61,"column":13}},"37":{"start":{"line":60,"column":8},"end":{"line":60,"column":24}},"38":{"start":{"line":65,"column":24},"end":{"line":69,"column":3}},"39":{"start":{"line":66,"column":4},"end":{"line":66,"column":31}},"40":{"start":{"line":67,"column":4},"end":{"line":67,"column":17}},"41":{"start":{"line":68,"column":4},"end":{"line":68,"column":21}},"42":{"start":{"line":71,"column":25},"end":{"line":79,"column":3}},"43":{"start":{"line":72,"column":4},"end":{"line":78,"column":5}},"44":{"start":{"line":73,"column":19},"end":{"line":73,"column":56}},"45":{"start":{"line":74,"column":6},"end":{"line":74,"column":34}},"46":{"start":{"line":75,"column":6},"end":{"line":75,"column":89}},"47":{"start":{"line":77,"column":6},"end":{"line":77,"column":57}},"48":{"start":{"line":81,"column":25},"end":{"line":88,"column":3}},"49":{"start":{"line":82,"column":18},"end":{"line":82,"column":57}},"50":{"start":{"line":83,"column":4},"end":{"line":87,"column":5}},"51":{"start":{"line":84,"column":6},"end":{"line":84,"column":33}},"52":{"start":{"line":86,"column":6},"end":{"line":86,"column":33}},"53":{"start":{"line":90,"column":21},"end":{"line":100,"column":3}},"54":{"start":{"line":91,"column":4},"end":{"line":99,"column":5}},"55":{"start":{"line":92,"column":6},"end":{"line":98,"column":8}},"56":{"start":{"line":93,"column":8},"end":{"line":93,"column":32}},"57":{"start":{"line":94,"column":22},"end":{"line":94,"column":66}},"58":{"start":{"line":94,"column":46},"end":{"line":94,"column":65}},"59":{"start":{"line":95,"column":25},"end":{"line":95,"column":58}},"60":{"start":{"line":96,"column":8},"end":{"line":96,"column":32}},"61":{"start":{"line":97,"column":8},"end":{"line":97,"column":26}},"62":{"start":{"line":102,"column":2},"end":{"line":106,"column":8}},"63":{"start":{"line":103,"column":4},"end":{"line":105,"column":5}},"64":{"start":{"line":104,"column":6},"end":{"line":104,"column":23}},"65":{"start":{"line":108,"column":2},"end":{"line":112,"column":3}},"66":{"start":{"line":109,"column":4},"end":{"line":111,"column":16}},"67":{"start":{"line":114,"column":22},"end":{"line":114,"column":61}},"68":{"start":{"line":114,"column":43},"end":{"line":114,"column":60}},"69":{"start":{"line":115,"column":2},"end":{"line":132,"column":3}},"70":{"start":{"line":129,"column":8},"end":{"line":129,"column":89}}},"fnMap":{"0":{"name":"(anonymous_0)","decl":{"start":{"line":11,"column":12},"end":{"line":11,"column":13}},"loc":{"start":{"line":11,"column":18},"end":{"line":133,"column":1}},"line":11},"1":{"name":"(anonymous_1)","decl":{"start":{"line":20,"column":21},"end":{"line":20,"column":22}},"loc":{"start":{"line":20,"column":34},"end":{"line":27,"column":3}},"line":20},"2":{"name":"(anonymous_2)","decl":{"start":{"line":21,"column":41},"end":{"line":21,"column":42}},"loc":{"start":{"line":21,"column":51},"end":{"line":26,"column":5}},"line":21},"3":{"name":"(anonymous_3)","decl":{"start":{"line":22,"column":36},"end":{"line":22,"column":37}},"loc":{"start":{"line":22,"column":44},"end":{"line":22,"column":63}},"line":22},"4":{"name":"(anonymous_4)","decl":{"start":{"line":29,"column":12},"end":{"line":29,"column":13}},"loc":{"start":{"line":29,"column":18},"end":{"line":37,"column":3}},"line":29},"5":{"name":"(anonymous_5)","decl":{"start":{"line":39,"column":25},"end":{"line":39,"column":26}},"loc":{"start":{"line":39,"column":38},"end":{"line":54,"column":3}},"line":39},"6":{"name":"(anonymous_6)","decl":{"start":{"line":56,"column":24},"end":{"line":56,"column":25}},"loc":{"start":{"line":56,"column":37},"end":{"line":63,"column":3}},"line":56},"7":{"name":"(anonymous_7)","decl":{"start":{"line":59,"column":17},"end":{"line":59,"column":18}},"loc":{"start":{"line":59,"column":23},"end":{"line":61,"column":7}},"line":59},"8":{"name":"(anonymous_8)","decl":{"start":{"line":65,"column":24},"end":{"line":65,"column":25}},"loc":{"start":{"line":65,"column":36},"end":{"line":69,"column":3}},"line":65},"9":{"name":"(anonymous_9)","decl":{"start":{"line":71,"column":25},"end":{"line":71,"column":26}},"loc":{"start":{"line":71,"column":44},"end":{"line":79,"column":3}},"line":71},"10":{"name":"(anonymous_10)","decl":{"start":{"line":81,"column":25},"end":{"line":81,"column":26}},"loc":{"start":{"line":81,"column":32},"end":{"line":88,"column":3}},"line":81},"11":{"name":"(anonymous_11)","decl":{"start":{"line":90,"column":21},"end":{"line":90,"column":22}},"loc":{"start":{"line":90,"column":31},"end":{"line":100,"column":3}},"line":90},"12":{"name":"(anonymous_12)","decl":{"start":{"line":92,"column":43},"end":{"line":92,"column":44}},"loc":{"start":{"line":92,"column":49},"end":{"line":98,"column":7}},"line":92},"13":{"name":"(anonymous_13)","decl":{"start":{"line":94,"column":38},"end":{"line":94,"column":39}},"loc":{"start":{"line":94,"column":46},"end":{"line":94,"column":65}},"line":94},"14":{"name":"(anonymous_14)","decl":{"start":{"line":102,"column":12},"end":{"line":102,"column":13}},"loc":{"start":{"line":102,"column":18},"end":{"line":106,"column":3}},"line":102},"15":{"name":"(anonymous_15)","decl":{"start":{"line":103,"column":30},"end":{"line":103,"column":31}},"loc":{"start":{"line":104,"column":6},"end":{"line":104,"column":23}},"line":104},"16":{"name":"(anonymous_16)","decl":{"start":{"line":114,"column":33},"end":{"line":114,"column":34}},"loc":{"start":{"line":114,"column":43},"end":{"line":114,"column":60}},"line":114},"17":{"name":"(anonymous_17)","decl":{"start":{"line":128,"column":23},"end":{"line":128,"column":24}},"loc":{"start":{"line":129,"column":8},"end":{"line":129,"column":89}},"line":129}},"branchMap":{"0":{"loc":{"start":{"line":31,"column":4},"end":{"line":36,"column":5}},"type":"if","locations":[{"start":{"line":31,"column":4},"end":{"line":36,"column":5}},{"start":{"line":31,"column":4},"end":{"line":36,"column":5}}],"line":31},"1":{"loc":{"start":{"line":41,"column":4},"end":{"line":53,"column":5}},"type":"if","locations":[{"start":{"line":41,"column":4},"end":{"line":53,"column":5}},{"start":{"line":41,"column":4},"end":{"line":53,"column":5}}],"line":41},"2":{"loc":{"start":{"line":41,"column":7},"end":{"line":41,"column":29}},"type":"binary-expr","locations":[{"start":{"line":41,"column":7},"end":{"line":41,"column":16}},{"start":{"line":41,"column":20},"end":{"line":41,"column":29}}],"line":41},"3":{"loc":{"start":{"line":58,"column":4},"end":{"line":62,"column":5}},"type":"if","locations":[{"start":{"line":58,"column":4},"end":{"line":62,"column":5}},{"start":{"line":58,"column":4},"end":{"line":62,"column":5}}],"line":58},"4":{"loc":{"start":{"line":83,"column":4},"end":{"line":87,"column":5}},"type":"if","locations":[{"start":{"line":83,"column":4},"end":{"line":87,"column":5}},{"start":{"line":83,"column":4},"end":{"line":87,"column":5}}],"line":83},"5":{"loc":{"start":{"line":91,"column":4},"end":{"line":99,"column":5}},"type":"if","locations":[{"start":{"line":91,"column":4},"end":{"line":99,"column":5}},{"start":{"line":91,"column":4},"end":{"line":99,"column":5}}],"line":91},"6":{"loc":{"start":{"line":108,"column":2},"end":{"line":112,"column":3}},"type":"if","locations":[{"start":{"line":108,"column":2},"end":{"line":112,"column":3}},{"start":{"line":108,"column":2},"end":{"line":112,"column":3}}],"line":108}},"s":{"0":0,"1":0,"2":0,"3":0,"4":0,"5":0,"6":0,"7":0,"8":0,"9":0,"10":0,"11":0,"12":0,"13":0,"14":0,"15":0,"16":0,"17":0,"18":0,"19":0,"20":0,"21":0,"22":0,"23":0,"24":0,"25":0,"26":0,"27":0,"28":0,"29":0,"30":0,"31":0,"32":0,"33":0,"34":0,"35":0,"36":0,"37":0,"38":0,"39":0,"40":0,"41":0,"42":0,"43":0,"44":0,"45":0,"46":0,"47":0,"48":0,"49":0,"50":0,"51":0,"52":0,"53":0,"54":0,"55":0,"56":0,"57":0,"58":0,"59":0,"60":0,"61":0,"62":0,"63":0,"64":0,"65":0,"66":0,"67":0,"68":0,"69":0,"70":0},"f":{"0":0,"1":0,"2":0,"3":0,"4":0,"5":0,"6":0,"7":0,"8":0,"9":0,"10":0,"11":0,"12":0,"13":0,"14":0,"15":0,"16":0,"17":0},"b":{"0":[0,0],"1":[0,0],"2":[0,0],"3":[0,0],"4":[0,0],"5":[0,0],"6":[0,0]},"hash":"5f19b614f4c0bbe42af0fb1e629cedc3dc80c2ab"}
,"/Users/zhixian/Desktop/study/full-stack-learn/part5/bloglist-frontend/src/index.js": {"path":"/Users/zhixian/Desktop/study/full-stack-learn/part5/bloglist-frontend/src/index.js","statementMap":{"0":{"start":{"line":5,"column":0},"end":{"line":5,"column":57}}},"fnMap":{},"branchMap":{},"s":{"0":0},"f":{},"b":{},"hash":"d9d931544fafb3b3af74a1a51db9ef3049e4fbd2"}
,"/Users/zhixian/Desktop/study/full-stack-learn/part5/bloglist-frontend/src/components/Blog.js": {"path":"/Users/zhixian/Desktop/study/full-stack-learn/part5/bloglist-frontend/src/components/Blog.js","statementMap":{"0":{"start":{"line":4,"column":13},"end":{"line":23,"column":1}},"1":{"start":{"line":6,"column":26},"end":{"line":6,"column":41}},"2":{"start":{"line":8,"column":24},"end":{"line":12,"column":3}},"3":{"start":{"line":9,"column":21},"end":{"line":9,"column":32}},"4":{"start":{"line":10,"column":4},"end":{"line":10,"column":35}},"5":{"start":{"line":11,"column":4},"end":{"line":11,"column":24}},"6":{"start":{"line":14,"column":2},"end":{"line":22,"column":9}},"7":{"start":{"line":15,"column":97},"end":{"line":15,"column":111}},"8":{"start":{"line":20,"column":58},"end":{"line":20,"column":74}}},"fnMap":{"0":{"name":"(anonymous_0)","decl":{"start":{"line":4,"column":13},"end":{"line":4,"column":14}},"loc":{"start":{"line":4,"column":52},"end":{"line":23,"column":1}},"line":4},"1":{"name":"(anonymous_1)","decl":{"start":{"line":8,"column":24},"end":{"line":8,"column":25}},"loc":{"start":{"line":8,"column":30},"end":{"line":12,"column":3}},"line":8},"2":{"name":"(anonymous_2)","decl":{"start":{"line":15,"column":90},"end":{"line":15,"column":91}},"loc":{"start":{"line":15,"column":96},"end":{"line":15,"column":112}},"line":15},"3":{"name":"(anonymous_3)","decl":{"start":{"line":20,"column":51},"end":{"line":20,"column":52}},"loc":{"start":{"line":20,"column":57},"end":{"line":20,"column":75}},"line":20}},"branchMap":{"0":{"loc":{"start":{"line":15,"column":61},"end":{"line":15,"column":79}},"type":"cond-expr","locations":[{"start":{"line":15,"column":66},"end":{"line":15,"column":72}},{"start":{"line":15,"column":73},"end":{"line":15,"column":79}}],"line":15},"1":{"loc":{"start":{"line":16,"column":5},"end":{"line":21,"column":10}},"type":"binary-expr","locations":[{"start":{"line":16,"column":5},"end":{"line":16,"column":9}},{"start":{"line":16,"column":13},"end":{"line":21,"column":10}}],"line":16}},"s":{"0":1,"1":3,"2":3,"3":0,"4":0,"5":0,"6":3,"7":1,"8":0},"f":{"0":3,"1":0,"2":1,"3":0},"b":{"0":[1,2],"1":[3,1]},"_coverageSchema":"43e27e138ebf9cfc5966b082cf9a028302ed4184","hash":"00a6334881b9d6cf1aec398625ff815a338c09f3"}
,"/Users/zhixian/Desktop/study/full-stack-learn/part5/bloglist-frontend/src/components/CreateBlog.js": {"path":"/Users/zhixian/Desktop/study/full-stack-learn/part5/bloglist-frontend/src/components/CreateBlog.js","statementMap":{"0":{"start":{"line":6,"column":27},"end":{"line":6,"column":39}},"1":{"start":{"line":7,"column":29},"end":{"line":7,"column":41}},"2":{"start":{"line":8,"column":23},"end":{"line":8,"column":35}},"3":{"start":{"line":10,"column":24},"end":{"line":12,"column":3}},"4":{"start":{"line":11,"column":4},"end":{"line":11,"column":40}},"5":{"start":{"line":14,"column":25},"end":{"line":26,"column":3}},"6":{"start":{"line":15,"column":4},"end":{"line":25,"column":5}},"7":{"start":{"line":17,"column":6},"end":{"line":17,"column":30}},"8":{"start":{"line":18,"column":6},"end":{"line":18,"column":11}},"9":{"start":{"line":20,"column":6},"end":{"line":20,"column":31}},"10":{"start":{"line":21,"column":6},"end":{"line":21,"column":11}},"11":{"start":{"line":23,"column":6},"end":{"line":23,"column":28}},"12":{"start":{"line":24,"column":6},"end":{"line":24,"column":11}},"13":{"start":{"line":28,"column":2},"end":{"line":35,"column":3}},"14":{"start":{"line":38,"column":0},"end":{"line":40,"column":1}}},"fnMap":{"0":{"name":"CreateBlog","decl":{"start":{"line":4,"column":24},"end":{"line":4,"column":34}},"loc":{"start":{"line":4,"column":55},"end":{"line":36,"column":1}},"line":4},"1":{"name":"(anonymous_1)","decl":{"start":{"line":10,"column":24},"end":{"line":10,"column":25}},"loc":{"start":{"line":10,"column":30},"end":{"line":12,"column":3}},"line":10},"2":{"name":"(anonymous_2)","decl":{"start":{"line":14,"column":25},"end":{"line":14,"column":26}},"loc":{"start":{"line":14,"column":32},"end":{"line":26,"column":3}},"line":14}},"branchMap":{"0":{"loc":{"start":{"line":15,"column":4},"end":{"line":25,"column":5}},"type":"switch","locations":[{"start":{"line":16,"column":4},"end":{"line":18,"column":11}},{"start":{"line":19,"column":4},"end":{"line":21,"column":11}},{"start":{"line":22,"column":4},"end":{"line":24,"column":11}}],"line":15}},"s":{"0":0,"1":0,"2":0,"3":0,"4":0,"5":0,"6":0,"7":0,"8":0,"9":0,"10":0,"11":0,"12":0,"13":0,"14":0},"f":{"0":0,"1":0,"2":0},"b":{"0":[0,0,0]},"hash":"648dfb9b8a7a2f0d7cf138132f2b42056b251e89"}
,"/Users/zhixian/Desktop/study/full-stack-learn/part5/bloglist-frontend/src/components/LoginForm.js": {"path":"/Users/zhixian/Desktop/study/full-stack-learn/part5/bloglist-frontend/src/components/LoginForm.js","statementMap":{"0":{"start":{"line":5,"column":2},"end":{"line":18,"column":3}},"1":{"start":{"line":21,"column":0},"end":{"line":26,"column":1}}},"fnMap":{"0":{"name":"LoginForm","decl":{"start":{"line":4,"column":24},"end":{"line":4,"column":33}},"loc":{"start":{"line":4,"column":87},"end":{"line":19,"column":1}},"line":4}},"branchMap":{},"s":{"0":0,"1":0},"f":{"0":0},"b":{},"hash":"db04a230cb11ce9c2f1b94627c6b4b4553a0043d"}
,"/Users/zhixian/Desktop/study/full-stack-learn/part5/bloglist-frontend/src/components/Message.js": {"path":"/Users/zhixian/Desktop/study/full-stack-learn/part5/bloglist-frontend/src/components/Message.js","statementMap":{"0":{"start":{"line":7,"column":2},"end":{"line":9,"column":3}},"1":{"start":{"line":8,"column":4},"end":{"line":8,"column":15}},"2":{"start":{"line":10,"column":27},"end":{"line":10,"column":34}},"3":{"start":{"line":12,"column":2},"end":{"line":16,"column":3}},"4":{"start":{"line":19,"column":0},"end":{"line":21,"column":1}}},"fnMap":{"0":{"name":"Message","decl":{"start":{"line":6,"column":24},"end":{"line":6,"column":31}},"loc":{"start":{"line":6,"column":45},"end":{"line":17,"column":1}},"line":6}},"branchMap":{"0":{"loc":{"start":{"line":7,"column":2},"end":{"line":9,"column":3}},"type":"if","locations":[{"start":{"line":7,"column":2},"end":{"line":9,"column":3}},{"start":{"line":7,"column":2},"end":{"line":9,"column":3}}],"line":7}},"s":{"0":0,"1":0,"2":0,"3":0,"4":0},"f":{"0":0},"b":{"0":[0,0]},"hash":"e6867a3b87e2a4799a3e9c197b60f4b3fdedf28c"}
,"/Users/zhixian/Desktop/study/full-stack-learn/part5/bloglist-frontend/src/components/Togglable.js": {"path":"/Users/zhixian/Desktop/study/full-stack-learn/part5/bloglist-frontend/src/components/Togglable.js","statementMap":{"0":{"start":{"line":6,"column":35},"end":{"line":6,"column":40}},"1":{"start":{"line":7,"column":31},"end":{"line":7,"column":46}},"2":{"start":{"line":8,"column":27},"end":{"line":10,"column":3}},"3":{"start":{"line":9,"column":4},"end":{"line":9,"column":24}},"4":{"start":{"line":12,"column":2},"end":{"line":20,"column":3}},"5":{"start":{"line":23,"column":0},"end":{"line":25,"column":1}}},"fnMap":{"0":{"name":"Togglable","decl":{"start":{"line":4,"column":24},"end":{"line":4,"column":33}},"loc":{"start":{"line":4,"column":41},"end":{"line":21,"column":1}},"line":4},"1":{"name":"(anonymous_1)","decl":{"start":{"line":8,"column":27},"end":{"line":8,"column":28}},"loc":{"start":{"line":8,"column":33},"end":{"line":10,"column":3}},"line":8}},"branchMap":{"0":{"loc":{"start":{"line":15,"column":28},"end":{"line":15,"column":45}},"type":"cond-expr","locations":[{"start":{"line":15,"column":36},"end":{"line":15,"column":38}},{"start":{"line":15,"column":39},"end":{"line":15,"column":45}}],"line":15}},"s":{"0":0,"1":0,"2":0,"3":0,"4":0,"5":0},"f":{"0":0,"1":0},"b":{"0":[0,0]},"hash":"82fcd02ed667b3a726509d02d972e7ea51735e82"}
,"/Users/zhixian/Desktop/study/full-stack-learn/part5/bloglist-frontend/src/services/blogs.js": {"path":"/Users/zhixian/Desktop/study/full-stack-learn/part5/bloglist-frontend/src/services/blogs.js","statementMap":{"0":{"start":{"line":2,"column":16},"end":{"line":2,"column":28}},"1":{"start":{"line":4,"column":12},"end":{"line":4,"column":16}},"2":{"start":{"line":6,"column":15},"end":{"line":9,"column":1}},"3":{"start":{"line":7,"column":18},"end":{"line":7,"column":36}},"4":{"start":{"line":8,"column":2},"end":{"line":8,"column":48}},"5":{"start":{"line":8,"column":34},"end":{"line":8,"column":47}},"6":{"start":{"line":11,"column":17},"end":{"line":13,"column":1}},"7":{"start":{"line":12,"column":2},"end":{"line":12,"column":30}},"8":{"start":{"line":15,"column":19},"end":{"line":23,"column":1}},"9":{"start":{"line":16,"column":17},"end":{"line":20,"column":3}},"10":{"start":{"line":21,"column":18},"end":{"line":21,"column":52}},"11":{"start":{"line":22,"column":2},"end":{"line":22,"column":49}},"12":{"start":{"line":22,"column":35},"end":{"line":22,"column":48}},"13":{"start":{"line":25,"column":19},"end":{"line":33,"column":1}},"14":{"start":{"line":26,"column":17},"end":{"line":30,"column":3}},"15":{"start":{"line":31,"column":18},"end":{"line":31,"column":70}},"16":{"start":{"line":32,"column":2},"end":{"line":32,"column":49}},"17":{"start":{"line":32,"column":35},"end":{"line":32,"column":48}},"18":{"start":{"line":35,"column":19},"end":{"line":43,"column":1}},"19":{"start":{"line":36,"column":17},"end":{"line":40,"column":3}},"20":{"start":{"line":41,"column":18},"end":{"line":41,"column":57}},"21":{"start":{"line":42,"column":2},"end":{"line":42,"column":16}}},"fnMap":{"0":{"name":"(anonymous_0)","decl":{"start":{"line":6,"column":15},"end":{"line":6,"column":16}},"loc":{"start":{"line":6,"column":21},"end":{"line":9,"column":1}},"line":6},"1":{"name":"(anonymous_1)","decl":{"start":{"line":8,"column":22},"end":{"line":8,"column":23}},"loc":{"start":{"line":8,"column":34},"end":{"line":8,"column":47}},"line":8},"2":{"name":"(anonymous_2)","decl":{"start":{"line":11,"column":17},"end":{"line":11,"column":18}},"loc":{"start":{"line":11,"column":29},"end":{"line":13,"column":1}},"line":11},"3":{"name":"(anonymous_3)","decl":{"start":{"line":15,"column":19},"end":{"line":15,"column":20}},"loc":{"start":{"line":15,"column":32},"end":{"line":23,"column":1}},"line":15},"4":{"name":"(anonymous_4)","decl":{"start":{"line":22,"column":23},"end":{"line":22,"column":24}},"loc":{"start":{"line":22,"column":35},"end":{"line":22,"column":48}},"line":22},"5":{"name":"(anonymous_5)","decl":{"start":{"line":25,"column":19},"end":{"line":25,"column":20}},"loc":{"start":{"line":25,"column":32},"end":{"line":33,"column":1}},"line":25},"6":{"name":"(anonymous_6)","decl":{"start":{"line":32,"column":23},"end":{"line":32,"column":24}},"loc":{"start":{"line":32,"column":35},"end":{"line":32,"column":48}},"line":32},"7":{"name":"(anonymous_7)","decl":{"start":{"line":35,"column":19},"end":{"line":35,"column":20}},"loc":{"start":{"line":35,"column":27},"end":{"line":43,"column":1}},"line":35}},"branchMap":{},"s":{"0":0,"1":0,"2":0,"3":0,"4":0,"5":0,"6":0,"7":0,"8":0,"9":0,"10":0,"11":0,"12":0,"13":0,"14":0,"15":0,"16":0,"17":0,"18":0,"19":0,"20":0,"21":0},"f":{"0":0,"1":0,"2":0,"3":0,"4":0,"5":0,"6":0,"7":0},"b":{},"hash":"04edbf3f8caf8e4086f320bf09880ca3011635e1"}
,"/Users/zhixian/Desktop/study/full-stack-learn/part5/bloglist-frontend/src/services/login.js": {"path":"/Users/zhixian/Desktop/study/full-stack-learn/part5/bloglist-frontend/src/services/login.js","statementMap":{"0":{"start":{"line":3,"column":16},"end":{"line":3,"column":28}},"1":{"start":{"line":4,"column":16},"end":{"line":7,"column":1}},"2":{"start":{"line":5,"column":14},"end":{"line":5,"column":44}},"3":{"start":{"line":6,"column":2},"end":{"line":6,"column":12}}},"fnMap":{"0":{"name":"(anonymous_0)","decl":{"start":{"line":4,"column":16},"end":{"line":4,"column":17}},"loc":{"start":{"line":4,"column":32},"end":{"line":7,"column":1}},"line":4}},"branchMap":{},"s":{"0":0,"1":0,"2":0,"3":0},"f":{"0":0},"b":{},"hash":"1743b48c544f94aa3932c715e2013adea2332f71"}
}
